<?xml version="1.0" encoding="UTF-8"?>
<!-- Generated by org.testng.reporters.JUnitXMLReporter -->
<testsuite ignored="0" hostname="DESKTOP-EH5NPGG" failures="0" tests="4" name="Default test" time="0.168" errors="0" timestamp="2023-08-27T19:35:00 IST">
  <testcase classname="com.hcl.TestNGGroup" name="tc1" time="0.015"/>
  <testcase classname="com.hcl.TestNGGroup" name="tc2" time="0.007"/>
  <testcase classname="com.hcl.TestNGGroup" name="tc3" time="0.004"/>
  <testcase classname="com.hcl.TestNGGroup" name="tc4" time="0.004"/>
</testsuite> <!-- Default test -->
